This file contains any messages produced by compilers while
running configure, to aid debugging if configure makes a mistake.

It was created by sod2png configure 0.1, which was
generated by GNU Autoconf 2.61.  Invocation command line was

  $ ./configure 

## --------- ##
## Platform. ##
## --------- ##

hostname = 113x41x0x247.ap113.ftth.ucom.ne.jp
uname -m = i386
uname -r = 10.3.0
uname -s = Darwin
uname -v = Darwin Kernel Version 10.3.0: Fri Feb 26 11:58:09 PST 2010; root:xnu-1504.3.12~1/RELEASE_I386

/usr/bin/uname -p = i386
/bin/uname -X     = unknown

/bin/arch              = unknown
/usr/bin/arch -k       = unknown
/usr/convex/getsysinfo = unknown
/usr/bin/hostinfo      = Mach kernel version:
	 Darwin Kernel Version 10.3.0: Fri Feb 26 11:58:09 PST 2010; root:xnu-1504.3.12~1/RELEASE_I386
Kernel configured for up to 2 processors.
2 processors are physically available.
2 processors are logically available.
Processor type: i486 (Intel 80486)
Processors active: 0 1
Primary memory available: 2.00 gigabytes
Default processor set: 102 tasks, 388 threads, 2 processors
Load average: 0.63, Mach factor: 1.40
/bin/machine           = unknown
/usr/bin/oslevel       = unknown
/bin/universe          = unknown

PATH: /usr/bin
PATH: /bin
PATH: /usr/sbin
PATH: /sbin
PATH: /usr/local/bin
PATH: /usr/local/mysql/bin
PATH: /Users/drewbell/bin
PATH: /usr/texbin
PATH: /usr/X11/bin


## ----------- ##
## Core tests. ##
## ----------- ##

configure:1738: checking for gcc
configure:1754: found /usr/bin/gcc
configure:1765: result: gcc
configure:2003: checking for C compiler version
configure:2010: gcc --version >&5
i686-apple-darwin10-gcc-4.2.1 (GCC) 4.2.1 (Apple Inc. build 5659)
Copyright (C) 2007 Free Software Foundation, Inc.
This is free software; see the source for copying conditions.  There is NO
warranty; not even for MERCHANTABILITY or FITNESS FOR A PARTICULAR PURPOSE.

configure:2013: $? = 0
configure:2020: gcc -v >&5
Using built-in specs.
Target: i686-apple-darwin10
Configured with: /var/tmp/gcc/gcc-5659~1/src/configure --disable-checking --enable-werror --prefix=/usr --mandir=/share/man --enable-languages=c,objc,c++,obj-c++ --program-transform-name=/^[cg][^.-]*$/s/$/-4.2/ --with-slibdir=/usr/lib --build=i686-apple-darwin10 --program-prefix=i686-apple-darwin10- --host=x86_64-apple-darwin10 --target=i686-apple-darwin10 --with-gxx-include-dir=/include/c++/4.2.1
Thread model: posix
gcc version 4.2.1 (Apple Inc. build 5659)
configure:2023: $? = 0
configure:2030: gcc -V >&5
gcc-4.2: argument to `-V' is missing
configure:2033: $? = 1
configure:2056: checking for C compiler default output file name
configure:2083: gcc    conftest.c  >&5
configure:2086: $? = 0
configure:2124: result: a.out
configure:2141: checking whether the C compiler works
configure:2151: ./a.out
configure:2154: $? = 0
configure:2171: result: yes
configure:2178: checking whether we are cross compiling
configure:2180: result: no
configure:2183: checking for suffix of executables
configure:2190: gcc -o conftest    conftest.c  >&5
configure:2193: $? = 0
configure:2217: result: 
configure:2223: checking for suffix of object files
configure:2249: gcc -c   conftest.c >&5
configure:2252: $? = 0
configure:2275: result: o
configure:2279: checking whether we are using the GNU C compiler
configure:2308: gcc -c   conftest.c >&5
configure:2314: $? = 0
configure:2331: result: yes
configure:2336: checking whether gcc accepts -g
configure:2366: gcc -c -g  conftest.c >&5
configure:2372: $? = 0
configure:2471: result: yes
configure:2488: checking for gcc option to accept ISO C89
configure:2562: gcc  -c -g -O2  conftest.c >&5
configure:2568: $? = 0
configure:2591: result: none needed
configure:2615: checking how to run the C preprocessor
configure:2655: gcc -E  conftest.c
configure:2661: $? = 0
configure:2692: gcc -E  conftest.c
conftest.c:8:28: error: ac_nonexistent.h: No such file or directory
configure:2698: $? = 1
configure: failed program was:
| /* confdefs.h.  */
| #define PACKAGE_NAME "sod2png"
| #define PACKAGE_TARNAME "sod2png"
| #define PACKAGE_VERSION "0.1"
| #define PACKAGE_STRING "sod2png 0.1"
| #define PACKAGE_BUGREPORT "xj@kanjisod.kicks-ass.net"
| /* end confdefs.h.  */
| #include <ac_nonexistent.h>
configure:2731: result: gcc -E
configure:2760: gcc -E  conftest.c
configure:2766: $? = 0
configure:2797: gcc -E  conftest.c
conftest.c:8:28: error: ac_nonexistent.h: No such file or directory
configure:2803: $? = 1
configure: failed program was:
| /* confdefs.h.  */
| #define PACKAGE_NAME "sod2png"
| #define PACKAGE_TARNAME "sod2png"
| #define PACKAGE_VERSION "0.1"
| #define PACKAGE_STRING "sod2png 0.1"
| #define PACKAGE_BUGREPORT "xj@kanjisod.kicks-ass.net"
| /* end confdefs.h.  */
| #include <ac_nonexistent.h>
configure:2841: checking for grep that handles long lines and -e
configure:2915: result: /usr/bin/grep
configure:2920: checking for egrep
configure:2998: result: /usr/bin/grep -E
configure:3003: checking for ANSI C header files
configure:3033: gcc -c -g -O2  conftest.c >&5
configure:3039: $? = 0
configure:3138: gcc -o conftest -g -O2   conftest.c  >&5
configure:3141: $? = 0
configure:3147: ./conftest
configure:3150: $? = 0
configure:3167: result: yes
configure:3191: checking for sys/types.h
configure:3212: gcc -c -g -O2  conftest.c >&5
configure:3218: $? = 0
configure:3234: result: yes
configure:3191: checking for sys/stat.h
configure:3212: gcc -c -g -O2  conftest.c >&5
configure:3218: $? = 0
configure:3234: result: yes
configure:3191: checking for stdlib.h
configure:3212: gcc -c -g -O2  conftest.c >&5
configure:3218: $? = 0
configure:3234: result: yes
configure:3191: checking for string.h
configure:3212: gcc -c -g -O2  conftest.c >&5
configure:3218: $? = 0
configure:3234: result: yes
configure:3191: checking for memory.h
configure:3212: gcc -c -g -O2  conftest.c >&5
configure:3218: $? = 0
configure:3234: result: yes
configure:3191: checking for strings.h
configure:3212: gcc -c -g -O2  conftest.c >&5
configure:3218: $? = 0
configure:3234: result: yes
configure:3191: checking for inttypes.h
configure:3212: gcc -c -g -O2  conftest.c >&5
configure:3218: $? = 0
configure:3234: result: yes
configure:3191: checking for stdint.h
configure:3212: gcc -c -g -O2  conftest.c >&5
configure:3218: $? = 0
configure:3234: result: yes
configure:3191: checking for unistd.h
configure:3212: gcc -c -g -O2  conftest.c >&5
configure:3218: $? = 0
configure:3234: result: yes
configure:3256: checking libxml/tree.h usability
configure:3273: gcc -c -g -O2  conftest.c >&5
conftest.c:51:25: error: libxml/tree.h: No such file or directory
configure:3279: $? = 1
configure: failed program was:
| /* confdefs.h.  */
| #define PACKAGE_NAME "sod2png"
| #define PACKAGE_TARNAME "sod2png"
| #define PACKAGE_VERSION "0.1"
| #define PACKAGE_STRING "sod2png 0.1"
| #define PACKAGE_BUGREPORT "xj@kanjisod.kicks-ass.net"
| #define STDC_HEADERS 1
| #define HAVE_SYS_TYPES_H 1
| #define HAVE_SYS_STAT_H 1
| #define HAVE_STDLIB_H 1
| #define HAVE_STRING_H 1
| #define HAVE_MEMORY_H 1
| #define HAVE_STRINGS_H 1
| #define HAVE_INTTYPES_H 1
| #define HAVE_STDINT_H 1
| #define HAVE_UNISTD_H 1
| /* end confdefs.h.  */
| #include <stdio.h>
| #ifdef HAVE_SYS_TYPES_H
| # include <sys/types.h>
| #endif
| #ifdef HAVE_SYS_STAT_H
| # include <sys/stat.h>
| #endif
| #ifdef STDC_HEADERS
| # include <stdlib.h>
| # include <stddef.h>
| #else
| # ifdef HAVE_STDLIB_H
| #  include <stdlib.h>
| # endif
| #endif
| #ifdef HAVE_STRING_H
| # if !defined STDC_HEADERS && defined HAVE_MEMORY_H
| #  include <memory.h>
| # endif
| # include <string.h>
| #endif
| #ifdef HAVE_STRINGS_H
| # include <strings.h>
| #endif
| #ifdef HAVE_INTTYPES_H
| # include <inttypes.h>
| #endif
| #ifdef HAVE_STDINT_H
| # include <stdint.h>
| #endif
| #ifdef HAVE_UNISTD_H
| # include <unistd.h>
| #endif
| #include <libxml/tree.h>
configure:3293: result: no
configure:3297: checking libxml/tree.h presence
configure:3312: gcc -E  conftest.c
conftest.c:18:25: error: libxml/tree.h: No such file or directory
configure:3318: $? = 1
configure: failed program was:
| /* confdefs.h.  */
| #define PACKAGE_NAME "sod2png"
| #define PACKAGE_TARNAME "sod2png"
| #define PACKAGE_VERSION "0.1"
| #define PACKAGE_STRING "sod2png 0.1"
| #define PACKAGE_BUGREPORT "xj@kanjisod.kicks-ass.net"
| #define STDC_HEADERS 1
| #define HAVE_SYS_TYPES_H 1
| #define HAVE_SYS_STAT_H 1
| #define HAVE_STDLIB_H 1
| #define HAVE_STRING_H 1
| #define HAVE_MEMORY_H 1
| #define HAVE_STRINGS_H 1
| #define HAVE_INTTYPES_H 1
| #define HAVE_STDINT_H 1
| #define HAVE_UNISTD_H 1
| /* end confdefs.h.  */
| #include <libxml/tree.h>
configure:3332: result: no
configure:3365: checking for libxml/tree.h
configure:3372: result: no
configure:3391: checking libxml/parse.h usability
configure:3408: gcc -c -g -O2  conftest.c >&5
conftest.c:51:26: error: libxml/parse.h: No such file or directory
configure:3414: $? = 1
configure: failed program was:
| /* confdefs.h.  */
| #define PACKAGE_NAME "sod2png"
| #define PACKAGE_TARNAME "sod2png"
| #define PACKAGE_VERSION "0.1"
| #define PACKAGE_STRING "sod2png 0.1"
| #define PACKAGE_BUGREPORT "xj@kanjisod.kicks-ass.net"
| #define STDC_HEADERS 1
| #define HAVE_SYS_TYPES_H 1
| #define HAVE_SYS_STAT_H 1
| #define HAVE_STDLIB_H 1
| #define HAVE_STRING_H 1
| #define HAVE_MEMORY_H 1
| #define HAVE_STRINGS_H 1
| #define HAVE_INTTYPES_H 1
| #define HAVE_STDINT_H 1
| #define HAVE_UNISTD_H 1
| /* end confdefs.h.  */
| #include <stdio.h>
| #ifdef HAVE_SYS_TYPES_H
| # include <sys/types.h>
| #endif
| #ifdef HAVE_SYS_STAT_H
| # include <sys/stat.h>
| #endif
| #ifdef STDC_HEADERS
| # include <stdlib.h>
| # include <stddef.h>
| #else
| # ifdef HAVE_STDLIB_H
| #  include <stdlib.h>
| # endif
| #endif
| #ifdef HAVE_STRING_H
| # if !defined STDC_HEADERS && defined HAVE_MEMORY_H
| #  include <memory.h>
| # endif
| # include <string.h>
| #endif
| #ifdef HAVE_STRINGS_H
| # include <strings.h>
| #endif
| #ifdef HAVE_INTTYPES_H
| # include <inttypes.h>
| #endif
| #ifdef HAVE_STDINT_H
| # include <stdint.h>
| #endif
| #ifdef HAVE_UNISTD_H
| # include <unistd.h>
| #endif
| #include <libxml/parse.h>
configure:3428: result: no
configure:3432: checking libxml/parse.h presence
configure:3447: gcc -E  conftest.c
conftest.c:18:26: error: libxml/parse.h: No such file or directory
configure:3453: $? = 1
configure: failed program was:
| /* confdefs.h.  */
| #define PACKAGE_NAME "sod2png"
| #define PACKAGE_TARNAME "sod2png"
| #define PACKAGE_VERSION "0.1"
| #define PACKAGE_STRING "sod2png 0.1"
| #define PACKAGE_BUGREPORT "xj@kanjisod.kicks-ass.net"
| #define STDC_HEADERS 1
| #define HAVE_SYS_TYPES_H 1
| #define HAVE_SYS_STAT_H 1
| #define HAVE_STDLIB_H 1
| #define HAVE_STRING_H 1
| #define HAVE_MEMORY_H 1
| #define HAVE_STRINGS_H 1
| #define HAVE_INTTYPES_H 1
| #define HAVE_STDINT_H 1
| #define HAVE_UNISTD_H 1
| /* end confdefs.h.  */
| #include <libxml/parse.h>
configure:3467: result: no
configure:3500: checking for libxml/parse.h
configure:3507: result: no

## ---------------- ##
## Cache variables. ##
## ---------------- ##

ac_cv_c_compiler_gnu=yes
ac_cv_env_CC_set=
ac_cv_env_CC_value=
ac_cv_env_CFLAGS_set=
ac_cv_env_CFLAGS_value=
ac_cv_env_CPPFLAGS_set=
ac_cv_env_CPPFLAGS_value=
ac_cv_env_CPP_set=
ac_cv_env_CPP_value=
ac_cv_env_LDFLAGS_set=
ac_cv_env_LDFLAGS_value=
ac_cv_env_LIBS_set=
ac_cv_env_LIBS_value=
ac_cv_env_build_alias_set=
ac_cv_env_build_alias_value=
ac_cv_env_host_alias_set=
ac_cv_env_host_alias_value=
ac_cv_env_target_alias_set=
ac_cv_env_target_alias_value=
ac_cv_header_inttypes_h=yes
ac_cv_header_libxml_parse_h=no
ac_cv_header_libxml_tree_h=no
ac_cv_header_memory_h=yes
ac_cv_header_stdc=yes
ac_cv_header_stdint_h=yes
ac_cv_header_stdlib_h=yes
ac_cv_header_string_h=yes
ac_cv_header_strings_h=yes
ac_cv_header_sys_stat_h=yes
ac_cv_header_sys_types_h=yes
ac_cv_header_unistd_h=yes
ac_cv_objext=o
ac_cv_path_EGREP='/usr/bin/grep -E'
ac_cv_path_GREP=/usr/bin/grep
ac_cv_prog_CPP='gcc -E'
ac_cv_prog_ac_ct_CC=gcc
ac_cv_prog_cc_c89=
ac_cv_prog_cc_g=yes

## ----------------- ##
## Output variables. ##
## ----------------- ##

CC='gcc'
CFLAGS='-g -O2'
CPP='gcc -E'
CPPFLAGS=''
DEFS=''
ECHO_C='ECHO_N=''
ECHO_T=''
EGREP='/usr/bin/grep -E'
EXEEXT=''
GREP='/usr/bin/grep'
LDFLAGS=''
LIBS=''
OBJEXT='o'
PACKAGE_BUGREPORT='xj@kanjisod.kicks-ass.net'
PACKAGE_NAME='sod2png'
PACKAGE_STRING='sod2png 0.1'
PACKAGE_TARNAME='sod2png'
PACKAGE_VERSION='0.1'
PATH_SEPARATOR=':'
SHELL='/bin/sh'
ac_ct_CC='gcc'
bindir='${exec_prefix}/bin'
build_alias=''
datadir='${datarootdir}'
datarootdir='${prefix}/share'
docdir='${datarootdir}/doc/${PACKAGE_TARNAME}'
dvidir='${docdir}'
exec_prefix='NONE'
host_alias=''
htmldir='${docdir}'
includedir='${prefix}/include'
infodir='${datarootdir}/info'
libdir='${exec_prefix}/lib'
libexecdir='${exec_prefix}/libexec'
localedir='${datarootdir}/locale'
localstatedir='${prefix}/var'
mandir='${datarootdir}/man'
oldincludedir='/usr/include'
pdfdir='${docdir}'
prefix='NONE'
program_transform_name='s,x,x,'
psdir='${docdir}'
sbindir='${exec_prefix}/sbin'
sharedstatedir='${prefix}/com'
sysconfdir='${prefix}/etc'
target_alias=''

## ----------- ##
## confdefs.h. ##
## ----------- ##

#define PACKAGE_NAME "sod2png"
#define PACKAGE_TARNAME "sod2png"
#define PACKAGE_VERSION "0.1"
#define PACKAGE_STRING "sod2png 0.1"
#define PACKAGE_BUGREPORT "xj@kanjisod.kicks-ass.net"
#define STDC_HEADERS 1
#define HAVE_SYS_TYPES_H 1
#define HAVE_SYS_STAT_H 1
#define HAVE_STDLIB_H 1
#define HAVE_STRING_H 1
#define HAVE_MEMORY_H 1
#define HAVE_STRINGS_H 1
#define HAVE_INTTYPES_H 1
#define HAVE_STDINT_H 1
#define HAVE_UNISTD_H 1

configure: exit 0
